<?xml version="1.0" encoding="UTF-8"?>
<!-- Generated by org.testng.reporters.JUnitReportReporter -->
<testsuite hostname="DESKTOP-9RB9S5V" failures="0" tests="3" name="Practice.SampleTestNg" time="0.010" errors="0" timestamp="2023-04-11T21:46:28 IST" skipped="0">
  <testcase classname="Practice.SampleTestNg" name="modifyContact" time="0.004"/>
  <system-out/>
  <testcase classname="Practice.SampleTestNg" name="createContact" time="0.002"/>
  <system-out/>
  <testcase classname="Practice.SampleTestNg" name="deleteContact" time="0.004"/>
  <system-out/>
</testsuite> <!-- Practice.SampleTestNg -->
