<?xml version="1.0" encoding="UTF-8"?>
<!-- Generated by org.testng.reporters.JUnitReportReporter -->
<testsuite hostname="DESKTOP-9RB9S5V" failures="0" tests="1" name="Campaign.CreateCampaignTest" time="66.463" errors="0" timestamp="2023-04-19T23:34:48 IST" skipped="0">
  <testcase classname="Campaign.CreateCampaignTest" name="CreateCampaignTest" time="66.463"/>
  <system-out/>
</testsuite> <!-- Campaign.CreateCampaignTest -->
