<?xml version="1.0" encoding="UTF-8"?>
<!-- Generated by org.testng.reporters.JUnitReportReporter -->
<testsuite hostname="DESKTOP-9RB9S5V" failures="0" tests="1" name="Product.CreateProductTest" time="119.560" errors="0" timestamp="2023-04-19T23:26:44 IST" skipped="0">
  <testcase classname="Product.CreateProductTest" name="CreateProductTest" time="119.560"/>
  <system-out/>
</testsuite> <!-- Product.CreateProductTest -->
