<?xml version="1.0" encoding="UTF-8"?>
<!-- Generated by org.testng.reporters.JUnitReportReporter -->
<testsuite hostname="DESKTOP-9RB9S5V" failures="0" tests="3" name="Practice.TestNGPractice" time="0.008" errors="0" timestamp="2023-04-11T21:46:28 IST" skipped="0">
  <testcase classname="Practice.TestNGPractice" name="deleteContact" time="0.003"/>
  <system-out/>
  <testcase classname="Practice.TestNGPractice" name="createContact" time="0.003"/>
  <system-out/>
  <testcase classname="Practice.TestNGPractice" name="modifyContact" time="0.002"/>
  <system-out/>
</testsuite> <!-- Practice.TestNGPractice -->
