<?xml version="1.0" encoding="UTF-8"?>
<!-- Generated by org.testng.reporters.JUnitReportReporter -->
<testsuite hostname="DESKTOP-9RB9S5V" failures="0" tests="1" name="Organisation.CreateOrganisation" time="73.640" errors="0" timestamp="2023-04-07T11:51:46 IST" skipped="0">
  <testcase classname="Organisation.CreateOrganisation" name="CreateOrganisation" time="73.640"/>
  <system-out/>
</testsuite> <!-- Organisation.CreateOrganisation -->
