<?xml version="1.0" encoding="UTF-8"?>
<!-- Generated by org.testng.reporters.JUnitReportReporter -->
<testsuite hostname="DESKTOP-9RB9S5V" failures="0" tests="3" name="Practice.DataProviderExcelSheet" time="0.029" errors="0" timestamp="2023-04-14T10:51:10 IST" skipped="0">
  <testcase classname="Practice.DataProviderExcelSheet" name="readData" time="0.024"/>
  <system-out/>
  <testcase classname="Practice.DataProviderExcelSheet" name="readData" time="0.003"/>
  <system-out/>
  <testcase classname="Practice.DataProviderExcelSheet" name="readData" time="0.002"/>
  <system-out/>
</testsuite> <!-- Practice.DataProviderExcelSheet -->
