<?xml version="1.0" encoding="UTF-8"?>
<!-- Generated by org.testng.reporters.JUnitReportReporter -->
<testsuite hostname="DESKTOP-9RB9S5V" failures="0" tests="3" name="Practice.DataProviderEx" time="0.054" errors="0" timestamp="2023-04-13T06:35:52 IST" skipped="0">
  <testcase classname="Practice.DataProviderEx" name="bookingTickets" time="0.005"/>
  <system-out/>
  <testcase classname="Practice.DataProviderEx" name="bookingTickets" time="0.046"/>
  <system-out/>
  <testcase classname="Practice.DataProviderEx" name="bookingTickets" time="0.003"/>
  <system-out/>
</testsuite> <!-- Practice.DataProviderEx -->
