<?xml version="1.0" encoding="UTF-8"?>
<!-- Generated by org.testng.reporters.JUnitReportReporter -->
<testsuite hostname="DESKTOP-9RB9S5V" failures="0" tests="1" name="Campaign.CreateCampaignwithProdTest" time="75.524" errors="0" timestamp="2023-04-13T16:32:51 IST" skipped="0">
  <testcase classname="Campaign.CreateCampaignwithProdTest" name="CreateCampaignwithProdTest" time="75.524"/>
  <system-out/>
</testsuite> <!-- Campaign.CreateCampaignwithProdTest -->
