<?xml version="1.0" encoding="UTF-8"?>
<!-- Generated by org.testng.reporters.JUnitReportReporter -->
<testsuite hostname="DESKTOP-9RB9S5V" failures="0" tests="5" name="Practice.TestNGinvocation" time="0.058" errors="0" timestamp="2023-04-11T21:46:28 IST" skipped="0">
  <testcase classname="Practice.TestNGinvocation" name="createContact" time="0.035"/>
  <system-out/>
  <testcase classname="Practice.TestNGinvocation" name="deleteContact" time="0.013"/>
  <system-out/>
  <testcase classname="Practice.TestNGinvocation" name="createContact" time="0.003"/>
  <system-out/>
  <testcase classname="Practice.TestNGinvocation" name="createContact" time="0.003"/>
  <system-out/>
  <testcase classname="Practice.TestNGinvocation" name="modifyContact" time="0.004"/>
  <system-out/>
</testsuite> <!-- Practice.TestNGinvocation -->
